PushDemo/build/outputs/logs/manifest-merger-debug-report.txt
-- Merging decision tree log ---
manifest
ADDED from HightDay01\PushDemo\AndroidManifest.xml:2:1-52:12
	package
		ADDED from HightDay01\PushDemo\AndroidManifest.xml:3:5-40
		INJECTED from HightDay01\PushDemo\AndroidManifest.xml
		INJECTED from HightDay01\PushDemo\AndroidManifest.xml
	android:versionName
		ADDED from HightDay01\PushDemo\AndroidManifest.xml:5:5-30
		INJECTED from HightDay01\PushDemo\AndroidManifest.xml
		INJECTED from HightDay01\PushDemo\AndroidManifest.xml
	android:versionCode
		ADDED from HightDay01\PushDemo\AndroidManifest.xml:4:5-28
		INJECTED from HightDay01\PushDemo\AndroidManifest.xml
		INJECTED from HightDay01\PushDemo\AndroidManifest.xml
	xmlns:android
		ADDED from HightDay01\PushDemo\AndroidManifest.xml:2:11-69
uses-sdk
ADDED from HightDay01\PushDemo\AndroidManifest.xml:7:5-9:41
MERGED from [HightDay01:Pushlib:unspecified] AndroidManifest.xml:7:5-9:41
	android:targetSdkVersion
		ADDED from HightDay01\PushDemo\AndroidManifest.xml:9:9-38
		INJECTED from HightDay01\PushDemo\AndroidManifest.xml
		INJECTED from HightDay01\PushDemo\AndroidManifest.xml
	android:minSdkVersion
		ADDED from HightDay01\PushDemo\AndroidManifest.xml:8:9-34
		INJECTED from HightDay01\PushDemo\AndroidManifest.xml
		INJECTED from HightDay01\PushDemo\AndroidManifest.xml
application
ADDED from HightDay01\PushDemo\AndroidManifest.xml:11:5-50:19
MERGED from [HightDay01:Pushlib:unspecified] AndroidManifest.xml:37:5-156:19
	android:label
		ADDED from HightDay01\PushDemo\AndroidManifest.xml:15:9-41
	android:allowBackup
		ADDED from HightDay01\PushDemo\AndroidManifest.xml:13:9-35
	android:icon
		ADDED from HightDay01\PushDemo\AndroidManifest.xml:14:9-45
	android:theme
		ADDED from HightDay01\PushDemo\AndroidManifest.xml:16:9-40
	android:name
		ADDED from HightDay01\PushDemo\AndroidManifest.xml:12:9-63
activity#com.umeng.message.example.MainActivity
ADDED from HightDay01\PushDemo\AndroidManifest.xml:17:9-25:20
	android:label
		ADDED from HightDay01\PushDemo\AndroidManifest.xml:19:13-45
	android:name
		ADDED from HightDay01\PushDemo\AndroidManifest.xml:18:13-66
intent-filter#android.intent.action.MAIN+android.intent.category.LAUNCHER
ADDED from HightDay01\PushDemo\AndroidManifest.xml:20:13-24:29
action#android.intent.action.MAIN
ADDED from HightDay01\PushDemo\AndroidManifest.xml:21:17-69
	android:name
		ADDED from HightDay01\PushDemo\AndroidManifest.xml:21:25-66
category#android.intent.category.LAUNCHER
ADDED from HightDay01\PushDemo\AndroidManifest.xml:23:17-77
	android:name
		ADDED from HightDay01\PushDemo\AndroidManifest.xml:23:27-74
activity#com.umeng.message.example.TestActivity
ADDED from HightDay01\PushDemo\AndroidManifest.xml:26:9-75
	android:name
		ADDED from HightDay01\PushDemo\AndroidManifest.xml:26:19-72
activity#com.umeng.message.example.LocalNotificationActivity
ADDED from HightDay01\PushDemo\AndroidManifest.xml:27:9-88
	android:name
		ADDED from HightDay01\PushDemo\AndroidManifest.xml:27:19-85
activity#com.umeng.message.example.AddOrUpdateLocalNotificationActivity
ADDED from HightDay01\PushDemo\AndroidManifest.xml:28:9-99
	android:name
		ADDED from HightDay01\PushDemo\AndroidManifest.xml:28:19-96
service#com.umeng.message.example.MyPushIntentService
ADDED from HightDay01\PushDemo\AndroidManifest.xml:30:9-32:39
	android:process
		ADDED from HightDay01\PushDemo\AndroidManifest.xml:32:13-36
	android:name
		ADDED from HightDay01\PushDemo\AndroidManifest.xml:31:13-73
service#com.umeng.message.example.NotificationService
ADDED from HightDay01\PushDemo\AndroidManifest.xml:36:9-81
	android:name
		ADDED from HightDay01\PushDemo\AndroidManifest.xml:36:18-78
meta-data#UMENG_APPKEY
ADDED from HightDay01\PushDemo\AndroidManifest.xml:38:9-41:21
	android:value
		ADDED from HightDay01\PushDemo\AndroidManifest.xml:40:13-53
	android:name
		ADDED from HightDay01\PushDemo\AndroidManifest.xml:39:13-40
meta-data#UMENG_MESSAGE_SECRET
ADDED from HightDay01\PushDemo\AndroidManifest.xml:42:9-45:21
	android:value
		ADDED from HightDay01\PushDemo\AndroidManifest.xml:44:13-61
	android:name
		ADDED from HightDay01\PushDemo\AndroidManifest.xml:43:13-48
meta-data#UMENG_CHANNEL
ADDED from HightDay01\PushDemo\AndroidManifest.xml:46:9-49:21
	android:value
		ADDED from HightDay01\PushDemo\AndroidManifest.xml:48:13-34
	android:name
		ADDED from HightDay01\PushDemo\AndroidManifest.xml:47:13-41
uses-permission#android.permission.WRITE_SETTINGS
ADDED from [HightDay01:Pushlib:unspecified] AndroidManifest.xml:12:5-73
	android:name
		ADDED from [HightDay01:Pushlib:unspecified] AndroidManifest.xml:12:22-70
uses-permission#android.permission.INTERNET
ADDED from [HightDay01:Pushlib:unspecified] AndroidManifest.xml:13:5-67
	android:name
		ADDED from [HightDay01:Pushlib:unspecified] AndroidManifest.xml:13:22-64
uses-permission#android.permission.ACCESS_NETWORK_STATE
ADDED from [HightDay01:Pushlib:unspecified] AndroidManifest.xml:14:5-79
	android:name
		ADDED from [HightDay01:Pushlib:unspecified] AndroidManifest.xml:14:22-76
uses-permission#android.permission.ACCESS_WIFI_STATE
ADDED from [HightDay01:Pushlib:unspecified] AndroidManifest.xml:15:5-76
	android:name
		ADDED from [HightDay01:Pushlib:unspecified] AndroidManifest.xml:15:22-73
uses-permission#android.permission.WRITE_EXTERNAL_STORAGE
ADDED from [HightDay01:Pushlib:unspecified] AndroidManifest.xml:16:5-81
	android:name
		ADDED from [HightDay01:Pushlib:unspecified] AndroidManifest.xml:16:22-78
uses-permission#android.permission.WAKE_LOCK
ADDED from [HightDay01:Pushlib:unspecified] AndroidManifest.xml:17:5-68
	android:name
		ADDED from [HightDay01:Pushlib:unspecified] AndroidManifest.xml:17:22-65
uses-permission#android.permission.READ_PHONE_STATE
ADDED from [HightDay01:Pushlib:unspecified] AndroidManifest.xml:18:5-75
	android:name
		ADDED from [HightDay01:Pushlib:unspecified] AndroidManifest.xml:18:22-72
uses-permission#android.permission.CHANGE_NETWORK_STATE
ADDED from [HightDay01:Pushlib:unspecified] AndroidManifest.xml:19:5-79
	android:name
		ADDED from [HightDay01:Pushlib:unspecified] AndroidManifest.xml:19:22-76
uses-permission#android.permission.CHANGE_WIFI_STATE
ADDED from [HightDay01:Pushlib:unspecified] AndroidManifest.xml:20:5-76
	android:name
		ADDED from [HightDay01:Pushlib:unspecified] AndroidManifest.xml:20:22-73
uses-permission#android.permission.GET_TASKS
ADDED from [HightDay01:Pushlib:unspecified] AndroidManifest.xml:21:5-68
	android:name
		ADDED from [HightDay01:Pushlib:unspecified] AndroidManifest.xml:21:22-65
uses-permission#android.permission.RECEIVE_BOOT_COMPLETED
ADDED from [HightDay01:Pushlib:unspecified] AndroidManifest.xml:22:5-81
	android:name
		ADDED from [HightDay01:Pushlib:unspecified] AndroidManifest.xml:22:22-78
uses-permission#android.permission.ACCESS_COARSE_LOCATION
ADDED from [HightDay01:Pushlib:unspecified] AndroidManifest.xml:23:5-81
	android:name
		ADDED from [HightDay01:Pushlib:unspecified] AndroidManifest.xml:23:22-78
uses-permission#android.permission.BROADCAST_PACKAGE_ADDED
ADDED from [HightDay01:Pushlib:unspecified] AndroidManifest.xml:26:5-82
	android:name
		ADDED from [HightDay01:Pushlib:unspecified] AndroidManifest.xml:26:22-79
uses-permission#android.permission.BROADCAST_PACKAGE_CHANGED
ADDED from [HightDay01:Pushlib:unspecified] AndroidManifest.xml:27:5-84
	android:name
		ADDED from [HightDay01:Pushlib:unspecified] AndroidManifest.xml:27:22-81
uses-permission#android.permission.BROADCAST_PACKAGE_INSTALL
ADDED from [HightDay01:Pushlib:unspecified] AndroidManifest.xml:28:5-84
	android:name
		ADDED from [HightDay01:Pushlib:unspecified] AndroidManifest.xml:28:22-81
uses-permission#android.permission.BROADCAST_PACKAGE_REPLACED
ADDED from [HightDay01:Pushlib:unspecified] AndroidManifest.xml:29:5-85
	android:name
		ADDED from [HightDay01:Pushlib:unspecified] AndroidManifest.xml:29:22-82
uses-permission#android.permission.RESTART_PACKAGES
ADDED from [HightDay01:Pushlib:unspecified] AndroidManifest.xml:30:5-75
	android:name
		ADDED from [HightDay01:Pushlib:unspecified] AndroidManifest.xml:30:22-72
uses-permission#android.permission.GET_ACCOUNTS
ADDED from [HightDay01:Pushlib:unspecified] AndroidManifest.xml:31:5-71
	android:name
		ADDED from [HightDay01:Pushlib:unspecified] AndroidManifest.xml:31:22-68
uses-permission#android.permission.VIBRATE
ADDED from [HightDay01:Pushlib:unspecified] AndroidManifest.xml:32:5-66
	android:name
		ADDED from [HightDay01:Pushlib:unspecified] AndroidManifest.xml:32:22-63
uses-permission#android.permission.SEND_SMS
ADDED from [HightDay01:Pushlib:unspecified] AndroidManifest.xml:33:5-67
	android:name
		ADDED from [HightDay01:Pushlib:unspecified] AndroidManifest.xml:33:22-64
uses-permission#android.permission.RECEIVE_SMS
ADDED from [HightDay01:Pushlib:unspecified] AndroidManifest.xml:34:5-70
	android:name
		ADDED from [HightDay01:Pushlib:unspecified] AndroidManifest.xml:34:22-67
uses-permission#android.permission.READ_SMS
ADDED from [HightDay01:Pushlib:unspecified] AndroidManifest.xml:35:5-67
	android:name
		ADDED from [HightDay01:Pushlib:unspecified] AndroidManifest.xml:35:22-64
receiver#com.umeng.message.NotificationProxyBroadcastReceiver
ADDED from [HightDay01:Pushlib:unspecified] AndroidManifest.xml:38:9-41:20
	android:exported
		ADDED from [HightDay01:Pushlib:unspecified] AndroidManifest.xml:40:13-37
	android:name
		ADDED from [HightDay01:Pushlib:unspecified] AndroidManifest.xml:39:13-80
receiver#com.umeng.message.SystemReceiver
ADDED from [HightDay01:Pushlib:unspecified] AndroidManifest.xml:42:9-56:20
	android:process
		ADDED from [HightDay01:Pushlib:unspecified] AndroidManifest.xml:44:13-36
	android:name
		ADDED from [HightDay01:Pushlib:unspecified] AndroidManifest.xml:43:13-60
intent-filter#android.intent.action.BOOT_COMPLETED
ADDED from [HightDay01:Pushlib:unspecified] AndroidManifest.xml:45:13-47:29
action#android.intent.action.BOOT_COMPLETED
ADDED from [HightDay01:Pushlib:unspecified] AndroidManifest.xml:46:17-79
	android:name
		ADDED from [HightDay01:Pushlib:unspecified] AndroidManifest.xml:46:25-76
intent-filter#android.net.conn.CONNECTIVITY_CHANGE
ADDED from [HightDay01:Pushlib:unspecified] AndroidManifest.xml:48:13-50:29
action#android.net.conn.CONNECTIVITY_CHANGE
ADDED from [HightDay01:Pushlib:unspecified] AndroidManifest.xml:49:17-79
	android:name
		ADDED from [HightDay01:Pushlib:unspecified] AndroidManifest.xml:49:25-76
intent-filter#android.intent.action.PACKAGE_REMOVED
ADDED from [HightDay01:Pushlib:unspecified] AndroidManifest.xml:51:13-55:29
action#android.intent.action.PACKAGE_REMOVED
ADDED from [HightDay01:Pushlib:unspecified] AndroidManifest.xml:52:17-80
	android:name
		ADDED from [HightDay01:Pushlib:unspecified] AndroidManifest.xml:52:25-77
data
ADDED from [HightDay01:Pushlib:unspecified] AndroidManifest.xml:54:17-50
	android:scheme
		ADDED from [HightDay01:Pushlib:unspecified] AndroidManifest.xml:54:23-47
receiver#com.umeng.message.MessageReceiver
ADDED from [HightDay01:Pushlib:unspecified] AndroidManifest.xml:57:9-64:20
	android:process
		ADDED from [HightDay01:Pushlib:unspecified] AndroidManifest.xml:60:13-36
	android:exported
		ADDED from [HightDay01:Pushlib:unspecified] AndroidManifest.xml:59:13-37
	android:name
		ADDED from [HightDay01:Pushlib:unspecified] AndroidManifest.xml:58:13-61
intent-filter#org.agoo.android.intent.action.RECEIVE
ADDED from [HightDay01:Pushlib:unspecified] AndroidManifest.xml:61:13-63:29
action#org.agoo.android.intent.action.RECEIVE
ADDED from [HightDay01:Pushlib:unspecified] AndroidManifest.xml:62:17-81
	android:name
		ADDED from [HightDay01:Pushlib:unspecified] AndroidManifest.xml:62:25-78
receiver#com.umeng.message.ElectionReceiver
ADDED from [HightDay01:Pushlib:unspecified] AndroidManifest.xml:65:9-73:20
	android:process
		ADDED from [HightDay01:Pushlib:unspecified] AndroidManifest.xml:67:13-36
	android:name
		ADDED from [HightDay01:Pushlib:unspecified] AndroidManifest.xml:66:13-62
intent-filter#org.agoo.android.intent.action.ELECTION_RESULT_V4+umeng
ADDED from [HightDay01:Pushlib:unspecified] AndroidManifest.xml:68:13-72:29
action#org.agoo.android.intent.action.ELECTION_RESULT_V4
ADDED from [HightDay01:Pushlib:unspecified] AndroidManifest.xml:69:17-92
	android:name
		ADDED from [HightDay01:Pushlib:unspecified] AndroidManifest.xml:69:25-89
category#umeng
ADDED from [HightDay01:Pushlib:unspecified] AndroidManifest.xml:71:17-50
	android:name
		ADDED from [HightDay01:Pushlib:unspecified] AndroidManifest.xml:71:27-47
receiver#com.umeng.message.RegistrationReceiver
ADDED from [HightDay01:Pushlib:unspecified] AndroidManifest.xml:74:9-80:20
	android:exported
		ADDED from [HightDay01:Pushlib:unspecified] AndroidManifest.xml:76:13-37
	android:name
		ADDED from [HightDay01:Pushlib:unspecified] AndroidManifest.xml:75:13-66
intent-filter#${applicationId}.intent.action.COMMAND
ADDED from [HightDay01:Pushlib:unspecified] AndroidManifest.xml:77:13-79:29
action#${applicationId}.intent.action.COMMAND
ADDED from [HightDay01:Pushlib:unspecified] AndroidManifest.xml:78:17-81
	android:name
		ADDED from [HightDay01:Pushlib:unspecified] AndroidManifest.xml:78:25-78
receiver#com.umeng.message.UmengMessageBootReceiver
ADDED from [HightDay01:Pushlib:unspecified] AndroidManifest.xml:81:9-85:20
	android:name
		ADDED from [HightDay01:Pushlib:unspecified] AndroidManifest.xml:81:19-76
service#com.umeng.message.UmengService
ADDED from [HightDay01:Pushlib:unspecified] AndroidManifest.xml:87:9-103:19
	android:process
		ADDED from [HightDay01:Pushlib:unspecified] AndroidManifest.xml:91:13-36
	android:label
		ADDED from [HightDay01:Pushlib:unspecified] AndroidManifest.xml:90:13-40
	android:exported
		ADDED from [HightDay01:Pushlib:unspecified] AndroidManifest.xml:89:13-36
	android:name
		ADDED from [HightDay01:Pushlib:unspecified] AndroidManifest.xml:88:13-58
intent-filter#${applicationId}.intent.action.START
ADDED from [HightDay01:Pushlib:unspecified] AndroidManifest.xml:92:13-94:29
action#${applicationId}.intent.action.START
ADDED from [HightDay01:Pushlib:unspecified] AndroidManifest.xml:93:17-79
	android:name
		ADDED from [HightDay01:Pushlib:unspecified] AndroidManifest.xml:93:25-76
intent-filter#${applicationId}.intent.action.COCKROACH
ADDED from [HightDay01:Pushlib:unspecified] AndroidManifest.xml:95:13-97:29
action#${applicationId}.intent.action.COCKROACH
ADDED from [HightDay01:Pushlib:unspecified] AndroidManifest.xml:96:17-83
	android:name
		ADDED from [HightDay01:Pushlib:unspecified] AndroidManifest.xml:96:25-80
intent-filter#org.agoo.android.intent.action.PING_V4+umeng
ADDED from [HightDay01:Pushlib:unspecified] AndroidManifest.xml:98:13-102:29
action#org.agoo.android.intent.action.PING_V4
ADDED from [HightDay01:Pushlib:unspecified] AndroidManifest.xml:99:17-81
	android:name
		ADDED from [HightDay01:Pushlib:unspecified] AndroidManifest.xml:99:25-78
service#com.umeng.message.UmengIntentService
ADDED from [HightDay01:Pushlib:unspecified] AndroidManifest.xml:104:9-106:39
	android:process
		ADDED from [HightDay01:Pushlib:unspecified] AndroidManifest.xml:106:13-36
	android:name
		ADDED from [HightDay01:Pushlib:unspecified] AndroidManifest.xml:105:13-64
service#com.umeng.message.UmengMessageIntentReceiverService
ADDED from [HightDay01:Pushlib:unspecified] AndroidManifest.xml:107:9-117:19
	android:process
		ADDED from [HightDay01:Pushlib:unspecified] AndroidManifest.xml:110:13-36
	android:exported
		ADDED from [HightDay01:Pushlib:unspecified] AndroidManifest.xml:109:13-36
	android:name
		ADDED from [HightDay01:Pushlib:unspecified] AndroidManifest.xml:108:13-79
intent-filter#org.android.agoo.client.MessageReceiverService
ADDED from [HightDay01:Pushlib:unspecified] AndroidManifest.xml:111:13-113:29
action#org.android.agoo.client.MessageReceiverService
ADDED from [HightDay01:Pushlib:unspecified] AndroidManifest.xml:112:17-89
	android:name
		ADDED from [HightDay01:Pushlib:unspecified] AndroidManifest.xml:112:25-86
intent-filter#org.android.agoo.client.ElectionReceiverService
ADDED from [HightDay01:Pushlib:unspecified] AndroidManifest.xml:114:13-116:29
action#org.android.agoo.client.ElectionReceiverService
ADDED from [HightDay01:Pushlib:unspecified] AndroidManifest.xml:115:17-90
	android:name
		ADDED from [HightDay01:Pushlib:unspecified] AndroidManifest.xml:115:25-87
service#com.umeng.message.UmengMessageCallbackHandlerService
ADDED from [HightDay01:Pushlib:unspecified] AndroidManifest.xml:118:9-133:19
	android:exported
		ADDED from [HightDay01:Pushlib:unspecified] AndroidManifest.xml:120:13-37
	android:name
		ADDED from [HightDay01:Pushlib:unspecified] AndroidManifest.xml:119:13-80
intent-filter#com.umeng.messge.registercallback.action
ADDED from [HightDay01:Pushlib:unspecified] AndroidManifest.xml:121:13-123:29
action#com.umeng.messge.registercallback.action
ADDED from [HightDay01:Pushlib:unspecified] AndroidManifest.xml:122:17-83
	android:name
		ADDED from [HightDay01:Pushlib:unspecified] AndroidManifest.xml:122:25-80
intent-filter#com.umeng.message.unregistercallback.action
ADDED from [HightDay01:Pushlib:unspecified] AndroidManifest.xml:124:13-126:29
action#com.umeng.message.unregistercallback.action
ADDED from [HightDay01:Pushlib:unspecified] AndroidManifest.xml:125:17-86
	android:name
		ADDED from [HightDay01:Pushlib:unspecified] AndroidManifest.xml:125:25-83
intent-filter#com.umeng.message.message.handler.action
ADDED from [HightDay01:Pushlib:unspecified] AndroidManifest.xml:127:13-129:29
action#com.umeng.message.message.handler.action
ADDED from [HightDay01:Pushlib:unspecified] AndroidManifest.xml:128:17-83
	android:name
		ADDED from [HightDay01:Pushlib:unspecified] AndroidManifest.xml:128:25-80
intent-filter#com.umeng.message.autoupdate.handler.action
ADDED from [HightDay01:Pushlib:unspecified] AndroidManifest.xml:130:13-132:29
action#com.umeng.message.autoupdate.handler.action
ADDED from [HightDay01:Pushlib:unspecified] AndroidManifest.xml:131:17-86
	android:name
		ADDED from [HightDay01:Pushlib:unspecified] AndroidManifest.xml:131:25-83
service#com.umeng.message.UmengDownloadResourceService
ADDED from [HightDay01:Pushlib:unspecified] AndroidManifest.xml:136:9-138:40
	android:exported
		ADDED from [HightDay01:Pushlib:unspecified] AndroidManifest.xml:138:13-37
	android:name
		ADDED from [HightDay01:Pushlib:unspecified] AndroidManifest.xml:137:13-74
service#com.umeng.message.local.UmengLocalNotificationService
ADDED from [HightDay01:Pushlib:unspecified] AndroidManifest.xml:139:9-141:40
	android:exported
		ADDED from [HightDay01:Pushlib:unspecified] AndroidManifest.xml:141:13-37
	android:name
		ADDED from [HightDay01:Pushlib:unspecified] AndroidManifest.xml:140:13-81
receiver#com.umeng.message.NetworkReceiver
ADDED from [HightDay01:Pushlib:unspecified] AndroidManifest.xml:143:9-147:20
	android:name
		ADDED from [HightDay01:Pushlib:unspecified] AndroidManifest.xml:143:19-67
service#com.umeng.message.UmengLocationService
ADDED from [HightDay01:Pushlib:unspecified] AndroidManifest.xml:149:9-155:19
	android:exported
		ADDED from [HightDay01:Pushlib:unspecified] AndroidManifest.xml:151:13-37
	android:name
		ADDED from [HightDay01:Pushlib:unspecified] AndroidManifest.xml:150:13-66
intent-filter#com.umeng.message.lbs.action
ADDED from [HightDay01:Pushlib:unspecified] AndroidManifest.xml:152:13-154:29
action#com.umeng.message.lbs.action
ADDED from [HightDay01:Pushlib:unspecified] AndroidManifest.xml:153:17-71
	android:name
		ADDED from [HightDay01:Pushlib:unspecified] AndroidManifest.xml:153:25-68